<?xml version="1.0" encoding="UTF-8"?>
<testng-results skipped="0" failed="2" ignored="0" total="11" passed="9">
  <reporter-output>
  </reporter-output>
  <suite name="Website testing" duration-ms="173406" started-at="2019-04-03T07:34:24Z" finished-at="2019-04-03T07:37:17Z">
    <groups>
    </groups>
    <test name="Regression Test" duration-ms="173406" started-at="2019-04-03T07:34:24Z" finished-at="2019-04-03T07:37:17Z">
      <class name="com.sntf.steps.Frontloginsteps">
        <test-method status="PASS" signature="Openbrowser_and_hit_url()[pri:0, instance:com.sntf.steps.Frontloginsteps@1a3869f4]" name="Openbrowser_and_hit_url" is-config="true" duration-ms="7936" started-at="2019-04-03T13:06:23Z" finished-at="2019-04-03T13:06:31Z">
          <reporter-output>
          </reporter-output>
        </test-method> <!-- Openbrowser_and_hit_url -->
        <test-method status="PASS" signature="empty_Credentials_Login()[pri:1, instance:com.sntf.steps.Frontloginsteps@1a3869f4]" name="empty_Credentials_Login" duration-ms="233" started-at="2019-04-03T13:06:31Z" finished-at="2019-04-03T13:06:31Z">
          <reporter-output>
          </reporter-output>
        </test-method> <!-- empty_Credentials_Login -->
        <test-method status="PASS" signature="tearDown()[pri:0, instance:com.sntf.steps.Frontloginsteps@1a3869f4]" name="tearDown" is-config="true" duration-ms="186" started-at="2019-04-03T13:06:31Z" finished-at="2019-04-03T13:06:31Z">
          <reporter-output>
          </reporter-output>
        </test-method> <!-- tearDown -->
        <test-method status="PASS" signature="Openbrowser_and_hit_url()[pri:0, instance:com.sntf.steps.Frontloginsteps@1a3869f4]" name="Openbrowser_and_hit_url" is-config="true" duration-ms="15247" started-at="2019-04-03T13:06:31Z" finished-at="2019-04-03T13:06:47Z">
          <reporter-output>
          </reporter-output>
        </test-method> <!-- Openbrowser_and_hit_url -->
        <test-method status="PASS" signature="invalid_Password()[pri:2, instance:com.sntf.steps.Frontloginsteps@1a3869f4]" name="invalid_Password" duration-ms="2712" started-at="2019-04-03T13:06:47Z" finished-at="2019-04-03T13:06:49Z">
          <reporter-output>
          </reporter-output>
        </test-method> <!-- invalid_Password -->
        <test-method status="PASS" signature="tearDown()[pri:0, instance:com.sntf.steps.Frontloginsteps@1a3869f4]" name="tearDown" is-config="true" duration-ms="229" started-at="2019-04-03T13:06:49Z" finished-at="2019-04-03T13:06:50Z">
          <reporter-output>
          </reporter-output>
        </test-method> <!-- tearDown -->
        <test-method status="PASS" signature="Openbrowser_and_hit_url()[pri:0, instance:com.sntf.steps.Frontloginsteps@1a3869f4]" name="Openbrowser_and_hit_url" is-config="true" duration-ms="8059" started-at="2019-04-03T13:06:50Z" finished-at="2019-04-03T13:06:58Z">
          <reporter-output>
          </reporter-output>
        </test-method> <!-- Openbrowser_and_hit_url -->
        <test-method status="PASS" signature="invalid_Username()[pri:3, instance:com.sntf.steps.Frontloginsteps@1a3869f4]" name="invalid_Username" duration-ms="2659" started-at="2019-04-03T13:06:58Z" finished-at="2019-04-03T13:07:00Z">
          <reporter-output>
          </reporter-output>
        </test-method> <!-- invalid_Username -->
        <test-method status="PASS" signature="tearDown()[pri:0, instance:com.sntf.steps.Frontloginsteps@1a3869f4]" name="tearDown" is-config="true" duration-ms="197" started-at="2019-04-03T13:07:00Z" finished-at="2019-04-03T13:07:00Z">
          <reporter-output>
          </reporter-output>
        </test-method> <!-- tearDown -->
        <test-method status="PASS" signature="Openbrowser_and_hit_url()[pri:0, instance:com.sntf.steps.Frontloginsteps@1a3869f4]" name="Openbrowser_and_hit_url" is-config="true" duration-ms="13054" started-at="2019-04-03T13:07:00Z" finished-at="2019-04-03T13:07:14Z">
          <reporter-output>
          </reporter-output>
        </test-method> <!-- Openbrowser_and_hit_url -->
        <test-method status="PASS" signature="ValidUser()[pri:4, instance:com.sntf.steps.Frontloginsteps@1a3869f4]" name="ValidUser" duration-ms="3454" started-at="2019-04-03T13:07:14Z" finished-at="2019-04-03T13:07:17Z">
          <reporter-output>
          </reporter-output>
        </test-method> <!-- ValidUser -->
        <test-method status="PASS" signature="tearDown()[pri:0, instance:com.sntf.steps.Frontloginsteps@1a3869f4]" name="tearDown" is-config="true" duration-ms="195" started-at="2019-04-03T13:07:17Z" finished-at="2019-04-03T13:07:17Z">
          <reporter-output>
          </reporter-output>
        </test-method> <!-- tearDown -->
      </class> <!-- com.sntf.steps.Frontloginsteps -->
      <class name="com.sntf.steps.Product_Purchase">
        <test-method status="PASS" signature="Openbrowser_and_hit_url()[pri:0, instance:com.sntf.steps.Product_Purchase@1e7c7811]" name="Openbrowser_and_hit_url" is-config="true" duration-ms="15997" started-at="2019-04-03T13:04:24Z" finished-at="2019-04-03T13:04:40Z">
          <reporter-output>
          </reporter-output>
        </test-method> <!-- Openbrowser_and_hit_url -->
        <test-method status="PASS" signature="Wipeup()[pri:0, instance:com.sntf.steps.Product_Purchase@1e7c7811]" name="Wipeup" duration-ms="16390" started-at="2019-04-03T13:04:40Z" finished-at="2019-04-03T13:04:57Z">
          <reporter-output>
          </reporter-output>
        </test-method> <!-- Wipeup -->
        <test-method status="PASS" signature="tearDown()[pri:0, instance:com.sntf.steps.Product_Purchase@1e7c7811]" name="tearDown" is-config="true" duration-ms="268" started-at="2019-04-03T13:04:57Z" finished-at="2019-04-03T13:04:57Z">
          <reporter-output>
          </reporter-output>
        </test-method> <!-- tearDown -->
      </class> <!-- com.sntf.steps.Product_Purchase -->
      <class name="com.sntf.steps.DatabaseTesting">
        <test-method status="PASS" signature="Connect_Database()[pri:0, instance:com.sntf.steps.DatabaseTesting@7a3d45bd]" name="Connect_Database" is-config="true" duration-ms="323" started-at="2019-04-03T13:04:24Z" finished-at="2019-04-03T13:04:24Z">
          <reporter-output>
          </reporter-output>
        </test-method> <!-- Connect_Database -->
        <test-method status="PASS" signature="Insert_Query()[pri:1, instance:com.sntf.steps.DatabaseTesting@7a3d45bd]" name="Insert_Query" duration-ms="121" started-at="2019-04-03T13:06:23Z" finished-at="2019-04-03T13:06:23Z">
          <reporter-output>
          </reporter-output>
        </test-method> <!-- Insert_Query -->
        <test-method status="PASS" signature="Select_query()[pri:2, instance:com.sntf.steps.DatabaseTesting@7a3d45bd]" name="Select_query" duration-ms="7" started-at="2019-04-03T13:06:31Z" finished-at="2019-04-03T13:06:31Z">
          <reporter-output>
          </reporter-output>
        </test-method> <!-- Select_query -->
        <test-method status="PASS" signature="Update_query()[pri:3, instance:com.sntf.steps.DatabaseTesting@7a3d45bd]" name="Update_query" duration-ms="9" started-at="2019-04-03T13:06:50Z" finished-at="2019-04-03T13:06:50Z">
          <reporter-output>
          </reporter-output>
        </test-method> <!-- Update_query -->
        <test-method status="PASS" signature="Delete_query()[pri:4, instance:com.sntf.steps.DatabaseTesting@7a3d45bd]" name="Delete_query" duration-ms="5" started-at="2019-04-03T13:07:00Z" finished-at="2019-04-03T13:07:00Z">
          <reporter-output>
          </reporter-output>
        </test-method> <!-- Delete_query -->
        <test-method status="PASS" signature="Disconnect_Database()[pri:0, instance:com.sntf.steps.DatabaseTesting@7a3d45bd]" name="Disconnect_Database" is-config="true" duration-ms="2" started-at="2019-04-03T13:07:17Z" finished-at="2019-04-03T13:07:17Z">
          <reporter-output>
          </reporter-output>
        </test-method> <!-- Disconnect_Database -->
      </class> <!-- com.sntf.steps.DatabaseTesting -->
      <class name="com.sntf.steps.Waitlist_steps">
        <test-method status="PASS" signature="Openbrowser_and_hit_url()[pri:0, instance:com.sntf.steps.Waitlist_steps@a38d7a3]" name="Openbrowser_and_hit_url" is-config="true" duration-ms="5438" started-at="2019-04-03T13:05:47Z" finished-at="2019-04-03T13:05:53Z">
          <reporter-output>
          </reporter-output>
        </test-method> <!-- Openbrowser_and_hit_url -->
        <test-method status="FAIL" signature="ValidationChecker()[pri:0, instance:com.sntf.steps.Waitlist_steps@a38d7a3]" name="ValidationChecker" duration-ms="30070" started-at="2019-04-03T13:05:53Z" finished-at="2019-04-03T13:06:23Z">
          <exception class="org.openqa.selenium.NoSuchElementException">
            <message>
              <![CDATA[no such element: Unable to locate element: {"method":"xpath","selector":"//*[contains(text(),'Submit')]"}
  (Session info: chrome=73.0.3683.86)
  (Driver info: chromedriver=2.46.628411 (3324f4c8be9ff2f70a05a30ebc72ffb013e1a71e),platform=Mac OS X 10.13.1 x86_64) (WARNING: The server did not provide any stacktrace information)
Command duration or timeout: 0 milliseconds
For documentation on this error, please visit: http://seleniumhq.org/exceptions/no_such_element.html
Build info: version: '3.11.0', revision: 'e59cfb3', time: '2018-03-11T20:26:55.152Z'
System info: host: 'ind643.local', ip: 'fe80:0:0:0:188a:b69c:a53a:a9e%en0', os.name: 'Mac OS X', os.arch: 'x86_64', os.version: '10.13.1', java.version: '1.8.0_171'
Driver info: org.openqa.selenium.chrome.ChromeDriver
Capabilities {acceptInsecureCerts: false, acceptSslCerts: false, applicationCacheEnabled: false, browserConnectionEnabled: false, browserName: chrome, chrome: {chromedriverVersion: 2.46.628411 (3324f4c8be9ff2..., userDataDir: /var/folders/96/2dv8h6vd4ls...}, cssSelectorsEnabled: true, databaseEnabled: false, goog:chromeOptions: {debuggerAddress: localhost:63603}, handlesAlerts: true, hasTouchScreen: false, javascriptEnabled: true, locationContextEnabled: true, mobileEmulationEnabled: false, nativeEvents: true, networkConnectionEnabled: false, pageLoadStrategy: normal, platform: MAC, platformName: MAC, proxy: Proxy(), rotatable: false, setWindowRect: true, strictFileInteractability: false, takesHeapSnapshot: true, takesScreenshot: true, timeouts: {implicit: 0, pageLoad: 300000, script: 30000}, unexpectedAlertBehaviour: ignore, unhandledPromptBehavior: ignore, version: 73.0.3683.86, webStorageEnabled: true}
Session ID: 7266b18a3be9edcb2a3b3c169fc5a710
*** Element info: {Using=xpath, value=//*[contains(text(),'Submit')]}]]>
            </message>
            <full-stacktrace>
              <![CDATA[org.openqa.selenium.NoSuchElementException: no such element: Unable to locate element: {"method":"xpath","selector":"//*[contains(text(),'Submit')]"}
  (Session info: chrome=73.0.3683.86)
  (Driver info: chromedriver=2.46.628411 (3324f4c8be9ff2f70a05a30ebc72ffb013e1a71e),platform=Mac OS X 10.13.1 x86_64) (WARNING: The server did not provide any stacktrace information)
Command duration or timeout: 0 milliseconds
For documentation on this error, please visit: http://seleniumhq.org/exceptions/no_such_element.html
Build info: version: '3.11.0', revision: 'e59cfb3', time: '2018-03-11T20:26:55.152Z'
System info: host: 'ind643.local', ip: 'fe80:0:0:0:188a:b69c:a53a:a9e%en0', os.name: 'Mac OS X', os.arch: 'x86_64', os.version: '10.13.1', java.version: '1.8.0_171'
Driver info: org.openqa.selenium.chrome.ChromeDriver
Capabilities {acceptInsecureCerts: false, acceptSslCerts: false, applicationCacheEnabled: false, browserConnectionEnabled: false, browserName: chrome, chrome: {chromedriverVersion: 2.46.628411 (3324f4c8be9ff2..., userDataDir: /var/folders/96/2dv8h6vd4ls...}, cssSelectorsEnabled: true, databaseEnabled: false, goog:chromeOptions: {debuggerAddress: localhost:63603}, handlesAlerts: true, hasTouchScreen: false, javascriptEnabled: true, locationContextEnabled: true, mobileEmulationEnabled: false, nativeEvents: true, networkConnectionEnabled: false, pageLoadStrategy: normal, platform: MAC, platformName: MAC, proxy: Proxy(), rotatable: false, setWindowRect: true, strictFileInteractability: false, takesHeapSnapshot: true, takesScreenshot: true, timeouts: {implicit: 0, pageLoad: 300000, script: 30000}, unexpectedAlertBehaviour: ignore, unhandledPromptBehavior: ignore, version: 73.0.3683.86, webStorageEnabled: true}
Session ID: 7266b18a3be9edcb2a3b3c169fc5a710
*** Element info: {Using=xpath, value=//*[contains(text(),'Submit')]}
	at sun.reflect.NativeConstructorAccessorImpl.newInstance0(Native Method)
	at sun.reflect.NativeConstructorAccessorImpl.newInstance(NativeConstructorAccessorImpl.java:62)
	at sun.reflect.DelegatingConstructorAccessorImpl.newInstance(DelegatingConstructorAccessorImpl.java:45)
	at java.lang.reflect.Constructor.newInstance(Constructor.java:423)
	at org.openqa.selenium.remote.ErrorHandler.createThrowable(ErrorHandler.java:214)
	at org.openqa.selenium.remote.ErrorHandler.throwIfResponseFailed(ErrorHandler.java:166)
	at org.openqa.selenium.remote.http.JsonHttpResponseCodec.reconstructValue(JsonHttpResponseCodec.java:40)
	at org.openqa.selenium.remote.http.AbstractHttpResponseCodec.decode(AbstractHttpResponseCodec.java:80)
	at org.openqa.selenium.remote.http.AbstractHttpResponseCodec.decode(AbstractHttpResponseCodec.java:44)
	at org.openqa.selenium.remote.HttpCommandExecutor.execute(HttpCommandExecutor.java:158)
	at org.openqa.selenium.remote.service.DriverCommandExecutor.execute(DriverCommandExecutor.java:83)
	at org.openqa.selenium.remote.RemoteWebDriver.execute(RemoteWebDriver.java:545)
	at org.openqa.selenium.remote.RemoteWebDriver.findElement(RemoteWebDriver.java:319)
	at org.openqa.selenium.remote.RemoteWebDriver.findElementByXPath(RemoteWebDriver.java:421)
	at org.openqa.selenium.By$ByXPath.findElement(By.java:361)
	at org.openqa.selenium.remote.RemoteWebDriver.findElement(RemoteWebDriver.java:311)
	at org.openqa.selenium.support.pagefactory.DefaultElementLocator.findElement(DefaultElementLocator.java:69)
	at org.openqa.selenium.support.pagefactory.internal.LocatingElementHandler.invoke(LocatingElementHandler.java:38)
	at com.sun.proxy.$Proxy12.click(Unknown Source)
	at com.sntf.screens.Front_WaitlistScreen.checkValidationWithBlankData(Front_WaitlistScreen.java:58)
	at com.sntf.steps.Waitlist_steps.ValidationChecker(Waitlist_steps.java:38)
	at sun.reflect.NativeMethodAccessorImpl.invoke0(Native Method)
	at sun.reflect.NativeMethodAccessorImpl.invoke(NativeMethodAccessorImpl.java:62)
	at sun.reflect.DelegatingMethodAccessorImpl.invoke(DelegatingMethodAccessorImpl.java:43)
	at java.lang.reflect.Method.invoke(Method.java:498)
	at org.testng.internal.MethodInvocationHelper.invokeMethod(MethodInvocationHelper.java:108)
	at org.testng.internal.Invoker.invokeMethod(Invoker.java:661)
	at org.testng.internal.Invoker.invokeTestMethod(Invoker.java:869)
	at org.testng.internal.Invoker.invokeTestMethods(Invoker.java:1193)
	at org.testng.internal.TestMethodWorker.invokeTestMethods(TestMethodWorker.java:126)
	at org.testng.internal.TestMethodWorker.run(TestMethodWorker.java:109)
	at org.testng.TestRunner.privateRun(TestRunner.java:744)
	at org.testng.TestRunner.run(TestRunner.java:602)
	at org.testng.SuiteRunner.runTest(SuiteRunner.java:380)
	at org.testng.SuiteRunner.runSequentially(SuiteRunner.java:375)
	at org.testng.SuiteRunner.privateRun(SuiteRunner.java:340)
	at org.testng.SuiteRunner.run(SuiteRunner.java:289)
	at org.testng.SuiteRunnerWorker.runSuite(SuiteRunnerWorker.java:52)
	at org.testng.SuiteRunnerWorker.run(SuiteRunnerWorker.java:86)
	at org.testng.TestNG.runSuitesSequentially(TestNG.java:1301)
	at org.testng.TestNG.runSuitesLocally(TestNG.java:1226)
	at org.testng.TestNG.runSuites(TestNG.java:1144)
	at org.testng.TestNG.run(TestNG.java:1115)
	at org.testng.remote.AbstractRemoteTestNG.run(AbstractRemoteTestNG.java:114)
	at org.testng.remote.RemoteTestNG.initAndRun(RemoteTestNG.java:251)
	at org.testng.remote.RemoteTestNG.main(RemoteTestNG.java:77)
]]>
            </full-stacktrace>
          </exception> <!-- org.openqa.selenium.NoSuchElementException -->
          <reporter-output>
          </reporter-output>
        </test-method> <!-- ValidationChecker -->
        <test-method status="PASS" signature="tearDown()[pri:0, instance:com.sntf.steps.Waitlist_steps@a38d7a3]" name="tearDown" is-config="true" duration-ms="299" started-at="2019-04-03T13:06:23Z" finished-at="2019-04-03T13:06:23Z">
          <reporter-output>
          </reporter-output>
        </test-method> <!-- tearDown -->
      </class> <!-- com.sntf.steps.Waitlist_steps -->
      <class name="com.sntf.steps.ContactUsSteps">
        <test-method status="FAIL" signature="Contactform()[pri:0, instance:com.sntf.steps.ContactUsSteps@77ec78b9]" name="Contactform" duration-ms="50277" started-at="2019-04-03T13:04:57Z" finished-at="2019-04-03T13:05:47Z">
          <exception class="org.openqa.selenium.ElementNotVisibleException">
            <message>
              <![CDATA[element not interactable
  (Session info: chrome=73.0.3683.86)
  (Driver info: chromedriver=2.46.628411 (3324f4c8be9ff2f70a05a30ebc72ffb013e1a71e),platform=Mac OS X 10.13.1 x86_64) (WARNING: The server did not provide any stacktrace information)
Command duration or timeout: 0 milliseconds
Build info: version: '3.11.0', revision: 'e59cfb3', time: '2018-03-11T20:26:55.152Z'
System info: host: 'ind643.local', ip: 'fe80:0:0:0:188a:b69c:a53a:a9e%en0', os.name: 'Mac OS X', os.arch: 'x86_64', os.version: '10.13.1', java.version: '1.8.0_171'
Driver info: org.openqa.selenium.chrome.ChromeDriver
Capabilities {acceptInsecureCerts: false, acceptSslCerts: false, applicationCacheEnabled: false, browserConnectionEnabled: false, browserName: chrome, chrome: {chromedriverVersion: 2.46.628411 (3324f4c8be9ff2..., userDataDir: /var/folders/96/2dv8h6vd4ls...}, cssSelectorsEnabled: true, databaseEnabled: false, goog:chromeOptions: {debuggerAddress: localhost:63481}, handlesAlerts: true, hasTouchScreen: false, javascriptEnabled: true, locationContextEnabled: true, mobileEmulationEnabled: false, nativeEvents: true, networkConnectionEnabled: false, pageLoadStrategy: normal, platform: MAC, platformName: MAC, proxy: Proxy(), rotatable: false, setWindowRect: true, strictFileInteractability: false, takesHeapSnapshot: true, takesScreenshot: true, timeouts: {implicit: 0, pageLoad: 300000, script: 30000}, unexpectedAlertBehaviour: ignore, unhandledPromptBehavior: ignore, version: 73.0.3683.86, webStorageEnabled: true}
Session ID: 56186571f9c67dafb6fb249be721b417]]>
            </message>
            <full-stacktrace>
              <![CDATA[org.openqa.selenium.ElementNotVisibleException: element not interactable
  (Session info: chrome=73.0.3683.86)
  (Driver info: chromedriver=2.46.628411 (3324f4c8be9ff2f70a05a30ebc72ffb013e1a71e),platform=Mac OS X 10.13.1 x86_64) (WARNING: The server did not provide any stacktrace information)
Command duration or timeout: 0 milliseconds
Build info: version: '3.11.0', revision: 'e59cfb3', time: '2018-03-11T20:26:55.152Z'
System info: host: 'ind643.local', ip: 'fe80:0:0:0:188a:b69c:a53a:a9e%en0', os.name: 'Mac OS X', os.arch: 'x86_64', os.version: '10.13.1', java.version: '1.8.0_171'
Driver info: org.openqa.selenium.chrome.ChromeDriver
Capabilities {acceptInsecureCerts: false, acceptSslCerts: false, applicationCacheEnabled: false, browserConnectionEnabled: false, browserName: chrome, chrome: {chromedriverVersion: 2.46.628411 (3324f4c8be9ff2..., userDataDir: /var/folders/96/2dv8h6vd4ls...}, cssSelectorsEnabled: true, databaseEnabled: false, goog:chromeOptions: {debuggerAddress: localhost:63481}, handlesAlerts: true, hasTouchScreen: false, javascriptEnabled: true, locationContextEnabled: true, mobileEmulationEnabled: false, nativeEvents: true, networkConnectionEnabled: false, pageLoadStrategy: normal, platform: MAC, platformName: MAC, proxy: Proxy(), rotatable: false, setWindowRect: true, strictFileInteractability: false, takesHeapSnapshot: true, takesScreenshot: true, timeouts: {implicit: 0, pageLoad: 300000, script: 30000}, unexpectedAlertBehaviour: ignore, unhandledPromptBehavior: ignore, version: 73.0.3683.86, webStorageEnabled: true}
Session ID: 56186571f9c67dafb6fb249be721b417
	at sun.reflect.NativeConstructorAccessorImpl.newInstance0(Native Method)
	at sun.reflect.NativeConstructorAccessorImpl.newInstance(NativeConstructorAccessorImpl.java:62)
	at sun.reflect.DelegatingConstructorAccessorImpl.newInstance(DelegatingConstructorAccessorImpl.java:45)
	at java.lang.reflect.Constructor.newInstance(Constructor.java:423)
	at org.openqa.selenium.remote.ErrorHandler.createThrowable(ErrorHandler.java:214)
	at org.openqa.selenium.remote.ErrorHandler.throwIfResponseFailed(ErrorHandler.java:166)
	at org.openqa.selenium.remote.http.JsonHttpResponseCodec.reconstructValue(JsonHttpResponseCodec.java:40)
	at org.openqa.selenium.remote.http.AbstractHttpResponseCodec.decode(AbstractHttpResponseCodec.java:80)
	at org.openqa.selenium.remote.http.AbstractHttpResponseCodec.decode(AbstractHttpResponseCodec.java:44)
	at org.openqa.selenium.remote.HttpCommandExecutor.execute(HttpCommandExecutor.java:158)
	at org.openqa.selenium.remote.service.DriverCommandExecutor.execute(DriverCommandExecutor.java:83)
	at org.openqa.selenium.remote.RemoteWebDriver.execute(RemoteWebDriver.java:545)
	at org.openqa.selenium.remote.RemoteWebElement.execute(RemoteWebElement.java:279)
	at org.openqa.selenium.remote.RemoteWebElement.click(RemoteWebElement.java:83)
	at sun.reflect.NativeMethodAccessorImpl.invoke0(Native Method)
	at sun.reflect.NativeMethodAccessorImpl.invoke(NativeMethodAccessorImpl.java:62)
	at sun.reflect.DelegatingMethodAccessorImpl.invoke(DelegatingMethodAccessorImpl.java:43)
	at java.lang.reflect.Method.invoke(Method.java:498)
	at org.openqa.selenium.support.pagefactory.internal.LocatingElementHandler.invoke(LocatingElementHandler.java:51)
	at com.sun.proxy.$Proxy12.click(Unknown Source)
	at com.sntf.screens.ContactUsScreen.ContactUsform(ContactUsScreen.java:53)
	at com.sntf.steps.ContactUsSteps.Contactform(ContactUsSteps.java:26)
	at sun.reflect.NativeMethodAccessorImpl.invoke0(Native Method)
	at sun.reflect.NativeMethodAccessorImpl.invoke(NativeMethodAccessorImpl.java:62)
	at sun.reflect.DelegatingMethodAccessorImpl.invoke(DelegatingMethodAccessorImpl.java:43)
	at java.lang.reflect.Method.invoke(Method.java:498)
	at org.testng.internal.MethodInvocationHelper.invokeMethod(MethodInvocationHelper.java:108)
	at org.testng.internal.Invoker.invokeMethod(Invoker.java:661)
	at org.testng.internal.Invoker.invokeTestMethod(Invoker.java:869)
	at org.testng.internal.Invoker.invokeTestMethods(Invoker.java:1193)
	at org.testng.internal.TestMethodWorker.invokeTestMethods(TestMethodWorker.java:126)
	at org.testng.internal.TestMethodWorker.run(TestMethodWorker.java:109)
	at org.testng.TestRunner.privateRun(TestRunner.java:744)
	at org.testng.TestRunner.run(TestRunner.java:602)
	at org.testng.SuiteRunner.runTest(SuiteRunner.java:380)
	at org.testng.SuiteRunner.runSequentially(SuiteRunner.java:375)
	at org.testng.SuiteRunner.privateRun(SuiteRunner.java:340)
	at org.testng.SuiteRunner.run(SuiteRunner.java:289)
	at org.testng.SuiteRunnerWorker.runSuite(SuiteRunnerWorker.java:52)
	at org.testng.SuiteRunnerWorker.run(SuiteRunnerWorker.java:86)
	at org.testng.TestNG.runSuitesSequentially(TestNG.java:1301)
	at org.testng.TestNG.runSuitesLocally(TestNG.java:1226)
	at org.testng.TestNG.runSuites(TestNG.java:1144)
	at org.testng.TestNG.run(TestNG.java:1115)
	at org.testng.remote.AbstractRemoteTestNG.run(AbstractRemoteTestNG.java:114)
	at org.testng.remote.RemoteTestNG.initAndRun(RemoteTestNG.java:251)
	at org.testng.remote.RemoteTestNG.main(RemoteTestNG.java:77)
]]>
            </full-stacktrace>
          </exception> <!-- org.openqa.selenium.ElementNotVisibleException -->
          <reporter-output>
          </reporter-output>
        </test-method> <!-- Contactform -->
      </class> <!-- com.sntf.steps.ContactUsSteps -->
    </test> <!-- Regression Test -->
  </suite> <!-- Website testing -->
</testng-results>
